[    0.000000] Initializing cgroup subsys cpuset
[    0.000000] Initializing cgroup subsys cpu
[    0.000000] Initializing cgroup subsys cpuacct
[    0.000000] Linux version 4.4.0-101-generic (buildd@lcy01-amd64-006) (gcc version 5.4.0 20160609 (Ubuntu 5.4.0-6ubuntu1~16.04.5) ) #124-Ubuntu SMP Fri Nov 10 18:29:59 UTC 2017 (Ubuntu 4.4.0-101.124-generic 4.4.95)
[    0.000000] Command line: BOOT_IMAGE=/boot/vmlinuz-4.4.0-101-generic root=LABEL=cloudimg-rootfs ro console=tty1 console=ttyS0
[    0.000000] KERNEL supported cpus:
[    0.000000]   Intel GenuineIntel
[    0.000000]   AMD AuthenticAMD
[    0.000000]   Centaur CentaurHauls
[    0.000000] x86/fpu: xstate_offset[2]:  576, xstate_sizes[2]:  256
[    0.000000] x86/fpu: Supporting XSAVE feature 0x01: 'x87 floating point registers'
[    0.000000] x86/fpu: Supporting XSAVE feature 0x02: 'SSE registers'
[    0.000000] x86/fpu: Supporting XSAVE feature 0x04: 'AVX registers'
[    0.000000] x86/fpu: Enabled xstate features 0x7, context size is 832 bytes, using 'standard' format.
[    0.000000] x86/fpu: Using 'lazy' FPU context switches.
[    0.000000] e820: BIOS-provided physical RAM map:
[    0.000000] BIOS-e820: [mem 0x0000000000000000-0x000000000009fbff] usable
[    0.000000] BIOS-e820: [mem 0x000000000009fc00-0x000000000009ffff] reserved
[    0.000000] BIOS-e820: [mem 0x00000000000f0000-0x00000000000fffff] reserved
[    0.000000] BIOS-e820: [mem 0x0000000000100000-0x000000003ffeffff] usable
[    0.000000] BIOS-e820: [mem 0x000000003fff0000-0x000000003fffffff] ACPI data
[    0.000000] BIOS-e820: [mem 0x00000000fec00000-0x00000000fec00fff] reserved
[    0.000000] BIOS-e820: [mem 0x00000000fee00000-0x00000000fee00fff] reserved
[    0.000000] BIOS-e820: [mem 0x00000000fffc0000-0x00000000ffffffff] reserved
[    0.000000] NX (Execute Disable) protection: active
[    0.000000] SMBIOS 2.5 present.
[    0.000000] Hypervisor detected: KVM
[    0.000000] e820: last_pfn = 0x3fff0 max_arch_pfn = 0x400000000
[    0.000000] MTRR: Disabled
[    0.000000] x86/PAT: MTRRs disabled, skipping PAT initialization too.
[    0.000000] CPU MTRRs all blank - virtualized system.
[    0.000000] x86/PAT: Configuration [0-7]: WB  WT  UC- UC  WB  WT  UC- UC  
[    0.000000] found SMP MP-table at [mem 0x0009fff0-0x0009ffff] mapped at [ffff88000009fff0]
[    0.000000] Scanning 1 areas for low memory corruption
[    0.000000] RAMDISK: [mem 0x36ad4000-0x37561fff]
[    0.000000] ACPI: Early table checksum verification disabled
[    0.000000] ACPI: RSDP 0x00000000000E0000 000024 (v02 VBOX  )
[    0.000000] ACPI: XSDT 0x000000003FFF0030 00003C (v01 VBOX   VBOXXSDT 00000001 ASL  00000061)
[    0.000000] ACPI: FACP 0x000000003FFF00F0 0000F4 (v04 VBOX   VBOXFACP 00000001 ASL  00000061)
[    0.000000] ACPI: DSDT 0x000000003FFF0470 0021FF (v02 VBOX   VBOXBIOS 00000002 INTL 20160108)
[    0.000000] ACPI: FACS 0x000000003FFF0200 000040
[    0.000000] ACPI: FACS 0x000000003FFF0200 000040
[    0.000000] ACPI: APIC 0x000000003FFF0240 00005C (v02 VBOX   VBOXAPIC 00000001 ASL  00000061)
[    0.000000] ACPI: SSDT 0x000000003FFF02A0 0001CC (v01 VBOX   VBOXCPUT 00000002 INTL 20160108)
[    0.000000] No NUMA configuration found
[    0.000000] Faking a node at [mem 0x0000000000000000-0x000000003ffeffff]
[    0.000000] NODE_DATA(0) allocated [mem 0x3ffeb000-0x3ffeffff]
[    0.000000] kvm-clock: Using msrs 4b564d01 and 4b564d00
[    0.000000] kvm-clock: cpu 0, msr 0:3ffe3001, primary cpu clock
[    0.000000] kvm-clock: using sched offset of 3729527919 cycles
[    0.000000] clocksource: kvm-clock: mask: 0xffffffffffffffff max_cycles: 0x1cd42e4dffb, max_idle_ns: 881590591483 ns
[    0.000000] Zone ranges:
[    0.000000]   DMA      [mem 0x0000000000001000-0x0000000000ffffff]
[    0.000000]   DMA32    [mem 0x0000000001000000-0x000000003ffeffff]
[    0.000000]   Normal   empty
[    0.000000]   Device   empty
[    0.000000] Movable zone start for each node
[    0.000000] Early memory node ranges
[    0.000000]   node   0: [mem 0x0000000000001000-0x000000000009efff]
[    0.000000]   node   0: [mem 0x0000000000100000-0x000000003ffeffff]
[    0.000000] Initmem setup node 0 [mem 0x0000000000001000-0x000000003ffeffff]
[    0.000000] ACPI: PM-Timer IO Port: 0x4008
[    0.000000] IOAPIC[0]: apic_id 2, version 32, address 0xfec00000, GSI 0-23
[    0.000000] ACPI: INT_SRC_OVR (bus 0 bus_irq 0 global_irq 2 dfl dfl)
[    0.000000] ACPI: INT_SRC_OVR (bus 0 bus_irq 9 global_irq 9 high level)
[    0.000000] Using ACPI (MADT) for SMP configuration information
[    0.000000] smpboot: Allowing 2 CPUs, 0 hotplug CPUs
[    0.000000] PM: Registered nosave memory: [mem 0x00000000-0x00000fff]
[    0.000000] PM: Registered nosave memory: [mem 0x0009f000-0x0009ffff]
[    0.000000] PM: Registered nosave memory: [mem 0x000a0000-0x000effff]
[    0.000000] PM: Registered nosave memory: [mem 0x000f0000-0x000fffff]
[    0.000000] e820: [mem 0x40000000-0xfebfffff] available for PCI devices
[    0.000000] Booting paravirtualized kernel on KVM
[    0.000000] clocksource: refined-jiffies: mask: 0xffffffff max_cycles: 0xffffffff, max_idle_ns: 7645519600211568 ns
[    0.000000] setup_percpu: NR_CPUS:512 nr_cpumask_bits:512 nr_cpu_ids:2 nr_node_ids:1
[    0.000000] PERCPU: Embedded 34 pages/cpu @ffff88003fc00000 s98328 r8192 d32744 u1048576
[    0.000000] PV qspinlock hash table entries: 256 (order: 0, 4096 bytes)
[    0.000000] Built 1 zonelists in Node order, mobility grouping on.  Total pages: 257913
[    0.000000] Policy zone: DMA32
[    0.000000] Kernel command line: BOOT_IMAGE=/boot/vmlinuz-4.4.0-101-generic root=LABEL=cloudimg-rootfs ro console=tty1 console=ttyS0
[    0.000000] PID hash table entries: 4096 (order: 3, 32768 bytes)
[    0.000000] Memory: 1001756K/1048120K available (8484K kernel code, 1294K rwdata, 3988K rodata, 1492K init, 1316K bss, 46364K reserved, 0K cma-reserved)
[    0.000000] SLUB: HWalign=64, Order=0-3, MinObjects=0, CPUs=2, Nodes=1
[    0.000000] Hierarchical RCU implementation.
[    0.000000] 	Build-time adjustment of leaf fanout to 64.
[    0.000000] 	RCU restricting CPUs from NR_CPUS=512 to nr_cpu_ids=2.
[    0.000000] RCU: Adjusting geometry for rcu_fanout_leaf=64, nr_cpu_ids=2
[    0.000000] NR_IRQS:33024 nr_irqs:440 16
[    0.000000] Console: colour VGA+ 80x25
[    0.000000] console [tty1] enabled
[    0.000000] console [ttyS0] enabled
[    0.000000] tsc: Detected 2294.788 MHz processor
[    0.315933] Calibrating delay loop (skipped) preset value.. 4589.57 BogoMIPS (lpj=9179152)
[    0.320333] pid_max: default: 32768 minimum: 301
[    0.323089] ACPI: Core revision 20150930
[    0.325381] ACPI: 2 ACPI AML tables successfully acquired and loaded
[    0.326994] Security Framework initialized
[    0.328007] Yama: becoming mindful.
[    0.329012] AppArmor: AppArmor initialized
[    0.330135] Dentry cache hash table entries: 131072 (order: 8, 1048576 bytes)
[    0.331911] Inode-cache hash table entries: 65536 (order: 7, 524288 bytes)
[    0.334160] Mount-cache hash table entries: 2048 (order: 2, 16384 bytes)
[    0.338754] Mountpoint-cache hash table entries: 2048 (order: 2, 16384 bytes)
[    0.352448] Initializing cgroup subsys io
[    0.355437] Initializing cgroup subsys memory
[    0.356501] Initializing cgroup subsys devices
[    0.357575] Initializing cgroup subsys freezer
[    0.360985] Initializing cgroup subsys net_cls
[    0.362070] Initializing cgroup subsys perf_event
[    0.363196] Initializing cgroup subsys net_prio
[    0.368998] Initializing cgroup subsys hugetlb
[    0.399554] Initializing cgroup subsys pids
[    0.400695] CPU: Physical Processor ID: 0
[    0.401699] CPU: Processor Core ID: 0
[    0.402652] mce: CPU supports 0 MCE banks
[    0.403720] Last level iTLB entries: 4KB 512, 2MB 8, 4MB 8
[    0.404961] Last level dTLB entries: 4KB 512, 2MB 32, 4MB 32, 1GB 0
[    0.408966] Freeing SMP alternatives memory: 32K
[    0.422462] ftrace: allocating 32156 entries in 126 pages
[    0.493880] smpboot: APIC(0) Converting physical 0 to logical package 0
[    0.507964] smpboot: Max logical packages: 1
[    0.509375] x2apic enabled
[    0.515565] Switched APIC routing to physical x2apic.
[    0.552978] ..TIMER: vector=0x30 apic1=0 pin1=2 apic2=-1 pin2=-1
[    0.670775] smpboot: CPU0: Intel(R) Core(TM) i3-2350M CPU @ 2.30GHz (family: 0x6, model: 0x2a, stepping: 0x7)
[    0.678569] Performance Events: unsupported p6 CPU model 42 no PMU driver, software events only.
[    0.704856] KVM setup paravirtual spinlock
[    0.706777] x86: Booting SMP configuration:
[    0.711769] .... node  #0, CPUs:      #1
[    0.712906] kvm-clock: cpu 1, msr 0:3ffe3041, secondary cpu clock
[    0.714383] mce: CPU supports 0 MCE banks
[    0.717269] x86: Booted up 1 node, 2 CPUs
[    0.719951] smpboot: Total of 2 processors activated (9179.15 BogoMIPS)
[    0.721861] devtmpfs: initialized
[    0.726018] evm: security.selinux
[    0.737885] evm: security.SMACK64
[    0.738772] evm: security.SMACK64EXEC
[    0.739728] evm: security.SMACK64TRANSMUTE
[    0.740732] evm: security.SMACK64MMAP
[    0.741670] evm: security.ima
[    0.749407] evm: security.capability
[    0.750577] clocksource: jiffies: mask: 0xffffffff max_cycles: 0xffffffff, max_idle_ns: 7645041785100000 ns
[    0.753888] futex hash table entries: 512 (order: 3, 32768 bytes)
[    0.755392] pinctrl core: initialized pinctrl subsystem
[    0.756759] RTC time: 20:42:38, date: 06/17/18
[    0.758684] NET: Registered protocol family 16
[    0.779230] cpuidle: using governor ladder
[    0.814685] cpuidle: using governor menu
[    0.819611] PCCT header not found.
[    0.823041] ACPI: bus type PCI registered
[    0.826672] acpiphp: ACPI Hot Plug PCI Controller Driver version: 0.5
[    0.831806] PCI: Using configuration type 1 for base access
[    0.849453] ACPI: Added _OSI(Module Device)
[    0.853777] ACPI: Added _OSI(Processor Device)
[    0.856437] ACPI: Added _OSI(3.0 _SCP Extensions)
[    0.859308] ACPI: Added _OSI(Processor Aggregator Device)
[    0.864063] ACPI: Executed 1 blocks of module-level executable AML code
[    0.872232] ACPI: Interpreter enabled
[    0.880409] ACPI: (supports S0 S5)
[    0.881910] ACPI: Using IOAPIC for interrupt routing
[    0.884171] PCI: Using host bridge windows from ACPI; if necessary, use "pci=nocrs" and report a bug
[    0.904380] ACPI: PCI Root Bridge [PCI0] (domain 0000 [bus 00-ff])
[    0.914520] acpi PNP0A03:00: _OSC: OS supports [ASPM ClockPM Segments MSI]
[    0.917093] acpi PNP0A03:00: _OSC: not requesting OS control; OS requires [ExtendedConfig ASPM ClockPM MSI]
[    0.920534] acpi PNP0A03:00: fail to add MMCONFIG information, can't access extended PCI configuration space under this bridge.
[    0.924472] PCI host bridge to bus 0000:00
[    0.925872] pci_bus 0000:00: root bus resource [io  0x0000-0x0cf7 window]
[    0.927880] pci_bus 0000:00: root bus resource [io  0x0d00-0xffff window]
[    0.929865] pci_bus 0000:00: root bus resource [mem 0x000a0000-0x000bffff window]
[    0.948470] pci_bus 0000:00: root bus resource [mem 0x40000000-0xffdfffff window]
[    0.996458] pci_bus 0000:00: root bus resource [bus 00-ff]
[    1.006174] pci 0000:00:01.1: legacy IDE quirk: reg 0x10: [io  0x01f0-0x01f7]
[    1.039790] pci 0000:00:01.1: legacy IDE quirk: reg 0x14: [io  0x03f6]
[    1.063942] pci 0000:00:01.1: legacy IDE quirk: reg 0x18: [io  0x0170-0x0177]
[    1.065920] pci 0000:00:01.1: legacy IDE quirk: reg 0x1c: [io  0x0376]
[    1.095091] pci 0000:00:07.0: quirk: [io  0x4000-0x403f] claimed by PIIX4 ACPI
[    1.100334] pci 0000:00:07.0: quirk: [io  0x4100-0x410f] claimed by PIIX4 SMB
[    1.114502] ACPI: PCI Interrupt Link [LNKA] (IRQs 5 9 10 *11)
[    1.141083] ACPI: PCI Interrupt Link [LNKB] (IRQs 5 9 10 *11)
[    1.146213] ACPI: PCI Interrupt Link [LNKC] (IRQs 5 9 *10 11)
[    1.149161] ACPI: PCI Interrupt Link [LNKD] (IRQs 5 *9 10 11)
[    1.152181] ACPI: Enabled 2 GPEs in block 00 to 07
[    1.154745] vgaarb: setting as boot device: PCI:0000:00:02.0
[    1.156799] vgaarb: device added: PCI:0000:00:02.0,decodes=io+mem,owns=io+mem,locks=none
[    1.159920] vgaarb: loaded
[    1.161117] vgaarb: bridge control possible 0000:00:02.0
[    1.164605] SCSI subsystem initialized
[    1.166293] ACPI: bus type USB registered
[    1.167815] usbcore: registered new interface driver usbfs
[    1.169685] usbcore: registered new interface driver hub
[    1.187275] usbcore: registered new device driver usb
[    1.219472] PCI: Using ACPI for IRQ routing
[    1.234603] NetLabel: Initializing
[    1.235519] NetLabel:  domain hash size = 128
[    1.236568] NetLabel:  protocols = UNLABELED CIPSOv4
[    1.237764] NetLabel:  unlabeled traffic allowed by default
[    1.239218] amd_nb: Cannot enumerate AMD northbridges
[    1.240418] clocksource: Switched to clocksource kvm-clock
[    1.251576] AppArmor: AppArmor Filesystem Enabled
[    1.381759] pnp: PnP ACPI init
[    1.476943] pnp: PnP ACPI: found 3 devices
[    1.617239] clocksource: acpi_pm: mask: 0xffffff max_cycles: 0xffffff, max_idle_ns: 2085701024 ns
[    1.695247] NET: Registered protocol family 2
[    1.701815] TCP established hash table entries: 8192 (order: 4, 65536 bytes)
[    1.719582] TCP bind hash table entries: 8192 (order: 5, 131072 bytes)
[    1.721015] TCP: Hash tables configured (established 8192 bind 8192)
[    1.722443] UDP hash table entries: 512 (order: 2, 16384 bytes)
[    1.723741] UDP-Lite hash table entries: 512 (order: 2, 16384 bytes)
[    1.739874] NET: Registered protocol family 1
[    1.740956] pci 0000:00:00.0: Limiting direct PCI/PCI transfers
[    1.742297] pci 0000:00:01.0: Activating ISA DMA hang workarounds
[    1.744440] Unpacking initramfs...
[    4.146680] Freeing initrd memory: 10808K
[    4.180174] RAPL PMU detected, API unit is 2^-32 Joules, 3 fixed counters 10737418240 ms ovfl timer
[    4.199272] hw unit of domain pp0-core 2^-0 Joules
[    4.201040] hw unit of domain package 2^-0 Joules
[    4.202668] hw unit of domain pp1-gpu 2^-0 Joules
[    4.217293] platform rtc_cmos: registered platform RTC device (no PNP device found)
[    4.225115] Scanning for low memory corruption every 60 seconds
[    4.231731] audit: initializing netlink subsys (disabled)
[    4.233822] audit: type=2000 audit(1529268166.125:1): initialized
[    4.236456] Initialise system trusted keyring
[    4.238450] HugeTLB registered 2 MB page size, pre-allocated 0 pages
[    4.245746] zbud: loaded
[    4.250486] VFS: Disk quotas dquot_6.6.0
[    4.253981] VFS: Dquot-cache hash table entries: 512 (order 0, 4096 bytes)
[    4.261088] squashfs: version 4.0 (2009/01/31) Phillip Lougher
[    4.263224] fuse init (API version 7.23)
[    4.264650] Key type big_key registered
[    4.265957] Allocating IMA MOK and blacklist keyrings.
[    4.269447] Key type asymmetric registered
[    4.276547] Asymmetric key parser 'x509' registered
[    4.278156] Block layer SCSI generic (bsg) driver version 0.4 loaded (major 249)
[    4.284354] io scheduler noop registered
[    4.338271] io scheduler deadline registered (default)
[    4.341363] io scheduler cfq registered
[    4.347240] pci_hotplug: PCI Hot Plug PCI Core version: 0.5
[    4.348743] pciehp: PCI Express Hot Plug Controller Driver version: 0.4
[    4.649924] ACPI: AC Adapter [AC] (on-line)
[    4.786817] input: Power Button as /devices/LNXSYSTM:00/LNXPWRBN:00/input/input0
[    4.960561] ACPI: Power Button [PWRF]
[    5.149751] input: Sleep Button as /devices/LNXSYSTM:00/LNXSLPBN:00/input/input1
[    5.219168] tsc: Refined TSC clocksource calibration: 2293.173 MHz
[    5.219172] clocksource: tsc: mask: 0xffffffffffffffff max_cycles: 0x210e03eedcc, max_idle_ns: 440795248476 ns
[    5.462698] ACPI: Sleep Button [SLPF]
[    5.468265] ACPI: Battery Slot [BAT0] (battery present)
[    5.510202] GHES: HEST is not enabled!
[    5.520526] Serial: 8250/16550 driver, 32 ports, IRQ sharing enabled
[    5.544808] 00:02: ttyS0 at I/O 0x3f8 (irq = 4, base_baud = 115200) is a 16550A
[    5.552122] Linux agpgart interface v0.103
[    5.558044] loop: module loaded
[    5.561453] scsi host0: ata_piix
[    5.566017] scsi host1: ata_piix
[    5.567217] ata1: PATA max UDMA/33 cmd 0x1f0 ctl 0x3f6 bmdma 0xd000 irq 14
[    5.570276] ata2: PATA max UDMA/33 cmd 0x170 ctl 0x376 bmdma 0xd008 irq 15
[    5.573070] libphy: Fixed MDIO Bus: probed
[    5.574452] tun: Universal TUN/TAP device driver, 1.6
[    5.576058] tun: (C) 1999-2004 Max Krasnyansky <maxk@qualcomm.com>
[    5.578391] PPP generic driver version 2.4.2
[    5.580169] ehci_hcd: USB 2.0 'Enhanced' Host Controller (EHCI) Driver
[    5.582176] ehci-pci: EHCI PCI platform driver
[    5.583618] ehci-platform: EHCI generic platform driver
[    5.585285] ohci_hcd: USB 1.1 'Open' Host Controller (OHCI) Driver
[    5.587206] ohci-pci: OHCI PCI platform driver
[    5.588697] ohci-platform: OHCI generic platform driver
[    5.590384] uhci_hcd: USB Universal Host Controller Interface driver
[    5.592308] i8042: PNP: PS/2 Controller [PNP0303:PS2K,PNP0f03:PS2M] at 0x60,0x64 irq 1,12
[    5.595439] serio: i8042 KBD port at 0x60,0x64 irq 1
[    5.596953] serio: i8042 AUX port at 0x60,0x64 irq 12
[    5.599122] mousedev: PS/2 mouse device common for all mice
[    5.602774] input: AT Translated Set 2 keyboard as /devices/platform/i8042/serio0/input/input2
[    5.608837] rtc_cmos rtc_cmos: rtc core: registered rtc_cmos as rtc0
[    5.608934] rtc_cmos rtc_cmos: alarms up to one day, 114 bytes nvram
[    5.608943] i2c /dev entries driver
[    5.609018] device-mapper: uevent: version 1.0.3
[    5.609133] device-mapper: ioctl: 4.34.0-ioctl (2015-10-28) initialised: dm-devel@redhat.com
[    5.609155] ledtrig-cpu: registered to indicate activity on CPUs
[    5.609513] NET: Registered protocol family 10
[    5.609728] NET: Registered protocol family 17
[    5.609743] Key type dns_resolver registered
[    5.651345] microcode: CPU0 sig=0x206a7, pf=0x10, revision=0x0
[    5.651369] microcode: CPU1 sig=0x206a7, pf=0x10, revision=0x0
[    5.651432] microcode: Microcode Update Driver: v2.01 <tigran@aivazian.fsnet.co.uk>, Peter Oruba
[    5.651610] registered taskstats version 1
[    5.651632] Loading compiled-in X.509 certificates
[    5.652694] Loaded X.509 cert 'Build time autogenerated kernel key: f91c6829a34a801956ec6287af569c0a1f1f8d39'
[    5.652719] zswap: loaded using pool lzo/zbud
[    5.654618] Key type trusted registered
[    5.657831] Key type encrypted registered
[    5.657837] AppArmor: AppArmor sha1 policy hashing enabled
[    5.657842] ima: No TPM chip found, activating TPM-bypass!
[    5.657868] evm: HMAC attrs: 0x1
[    5.658182]   Magic number: 6:85:751
[    5.658189] misc uinput: hash matches
[    5.658193] ata_link link2: hash matches
[    5.658194]  link2: hash matches
[    5.658202] tty ttyS2: hash matches
[    5.660314] rtc_cmos rtc_cmos: setting system clock to 2018-06-17 20:42:43 UTC (1529268163)
[    5.660461] BIOS EDD facility v0.16 2004-Jun-25, 0 devices found
[    5.660461] EDD information not available.
[    5.731238] Freeing unused kernel memory: 1492K
[    5.771611] Write protecting the kernel read-only data: 14336k
[    5.776041] Freeing unused kernel memory: 1744K
[    5.782687] Freeing unused kernel memory: 108K
Loading, please wait...
starting version[    5.812332] random: systemd-udevd: uninitialized urandom read (16 bytes read, 2 bits of entropy available)
 229
[    5.813770] random: udevadm: uninitialized urandom read (16 bytes read, 2 bits of entropy available)
[    5.813807] random: udevadm: uninitialized urandom read (16 bytes read, 2 bits of entropy available)
[    5.829773] random: udevadm: uninitialized urandom read (16 bytes read, 2 bits of entropy available)
[    5.829845] random: udevadm: uninitialized urandom read (16 bytes read, 2 bits of entropy available)
[    5.830090] random: udevadm: uninitialized urandom read (16 bytes read, 2 bits of entropy available)
[    5.830185] random: udevadm: uninitialized urandom read (16 bytes read, 2 bits of entropy available)
[    5.830277] random: udevadm: uninitialized urandom read (16 bytes read, 2 bits of entropy available)
[    5.830374] random: udevadm: uninitialized urandom read (16 bytes read, 2 bits of entropy available)
[    5.830469] random: udevadm: uninitialized urandom read (16 bytes read, 2 bits of entropy available)
[    6.590013] Fusion MPT base driver 3.04.20
[    6.601859] Copyright (c) 1999-2008 LSI Corporation
[    6.603761] e1000: Intel(R) PRO/1000 Network Driver - version 7.3.21-k8-NAPI
[    6.606309] e1000: Copyright (c) 1999-2006 Intel Corporation.
[    6.629823] Fusion MPT SPI Host driver 3.04.20
[    6.857434] input: ImExPS/2 Generic Explorer Mouse as /devices/platform/i8042/serio1/input/input4
[    7.003922] e1000 0000:00:03.0 eth0: (PCI:33MHz:32-bit) 02:b9:83:f0:a4:db
[    7.040891] e1000 0000:00:03.0 eth0: Intel(R) PRO/1000 Network Connection
[    7.045158] mptbase: ioc0: Initiating bringup
[    7.077836] e1000 0000:00:03.0 enp0s3: renamed from eth0
[    7.141087] ioc0: LSI53C1030 A0: Capabilities={Initiator}
[    7.321946] scsi host2: ioc0: LSI53C1030 A0, FwRev=00000000h, Ports=1, MaxQ=256, IRQ=20
[    7.446103] scsi 2:0:0:0: Direct-Access     VBOX     HARDDISK         1.0  PQ: 0 ANSI: 5
[    7.613857] scsi target2:0:0: Beginning Domain Validation
[    7.617670] scsi target2:0:0: Domain Validation skipping write tests
[    7.622456] scsi target2:0:0: Ending Domain Validation
[    7.643924] scsi target2:0:0: asynchronous
[    7.671274] scsi 2:0:1:0: Direct-Access     VBOX     HARDDISK         1.0  PQ: 0 ANSI: 5
[    7.891077] scsi target2:0:1: Beginning Domain Validation
[    7.894635] scsi target2:0:1: Domain Validation skipping write tests
[    7.896571] scsi target2:0:1: Ending Domain Validation
[    8.089845] scsi target2:0:1: asynchronous
[    8.267025] sd 2:0:0:0: Attached scsi generic sg0 type 0
[    8.270351] sd 2:0:0:0: [sda] 20971520 512-byte logical blocks: (10.7 GB/10.0 GiB)
[    8.272412] sd 2:0:0:0: [sda] Write Protect is off
[    8.280526] sd 2:0:1:0: [sdb] 20480 512-byte logical blocks: (10.5 MB/10.0 MiB)
[    8.400728] sd 2:0:1:0: Attached scsi generic sg1 type 0
[    8.409262] sd 2:0:0:0: [sda] Incomplete mode parameter data
[    8.414949] sd 2:0:0:0: [sda] Assuming drive cache: write through
[    8.417458] sd 2:0:1:0: [sdb] Write Protect is off
[    8.420533] sd 2:0:1:0: [sdb] Incomplete mode parameter data
[    8.422775] sd 2:0:1:0: [sdb] Assuming drive cache: write through
[    8.434081]  sda: sda1
[    8.477010] sd 2:0:1:0: [sdb] Attached SCSI disk
[    8.492047] sd 2:0:0:0: [sda] Attached SCSI disk
[    9.616844] floppy0: no floppy controllers found
Begin: Loading e[   11.344215] md: linear personality registered for level -1
ssential drivers ... [   11.354125] md: multipath personality registered for level -4
[   11.365089] md: raid0 personality registered for level 0
[   11.392325] md: raid1 personality registered for level 1
[   11.472475] raid6: sse2x1   gen()  6021 MB/s
[   11.564479] raid6: sse2x1   xor()  4666 MB/s
[   11.640475] raid6: sse2x2   gen()  7504 MB/s
[   11.720477] raid6: sse2x2   xor()  5429 MB/s
[   11.792469] raid6: sse2x4   gen()  8646 MB/s
[   11.888494] raid6: sse2x4   xor()  3339 MB/s
[   11.893270] raid6: using algorithm sse2x4 gen() 8646 MB/s
[   11.895724] raid6: .... xor() 3339 MB/s, rmw enabled
[   11.897886] raid6: using ssse3x2 recovery algorithm
[   11.910064] xor: automatically using best checksumming function:
[   12.119279]    avx       : 37502.000 MB/sec
[   12.184224] async_tx: api initialized (async)
[   12.200362] md: raid6 personality registered for level 6
[   12.214375] md: raid5 personality registered for level 5
[   12.226100] md: raid4 personality registered for level 4
[   12.235722] md: raid10 personality registered for level 10
done.
Begin: Running /scripts/init-premount ... done.
Begin: Mounting root file system ... Begin: Running /scripts/local-top ... done.
Begin: Running /scripts/local-premount ... [   12.289685] Btrfs loaded
Scanning for Btrfs filesystems
done.
Warning: fsck not present, so skipping root file system
[   12.575909] EXT4-fs (sda1): mounted filesystem with ordered data mode. Opts: (null)
done.
Begin: Running /scripts/local-bottom ... done.
Begin: Running /scripts/init-bottom ... done.
[   13.391479] systemd[1]: systemd 229 running in system mode. (+PAM +AUDIT +SELINUX +IMA +APPARMOR +SMACK +SYSVINIT +UTMP +LIBCRYPTSETUP +GCRYPT +GNUTLS +ACL +XZ -LZ4 +SECCOMP +BLKID +ELFUTILS +KMOD -IDN)
[   13.491620] systemd[1]: Detected virtualization oracle.
[   13.500420] systemd[1]: Detected architecture x86-64.

Welcome to [1mUbuntu 16.04.3 LTS[0m!

[   13.936366] systemd[1]: Set hostname to <ubuntu>.
[   14.047775] systemd[1]: Initializing machine ID from random generator.
[   14.101933] systemd[1]: Installed transient /etc/machine-id file.
[   14.117022] random: nonblocking pool is initialized
[   15.298539] systemd[1]: Listening on /dev/initctl Compatibility Named Pipe.
[[0;32m  OK  [0m] Listening on /dev/initctl Compatibility Named Pipe.
[   15.438212] systemd[1]: Created slice System Slice.
[[0;32m  OK  [0m] Created slice System Slice.
[   15.441097] systemd[1]: Listening on Syslog Socket.
[[0;32m  OK  [0m] Listening on Syslog Socket.
[   15.459270] systemd[1]: Listening on Journal Audit Socket.
[[0;32m  OK  [0m] Listening on Journal Audit Socket.
[   15.540958] systemd[1]: Listening on Device-mapper event daemon FIFOs.
[[0;32m  OK  [0m] Listening on Device-mapper event daemon FIFOs.
[   15.644364] systemd[1]: Listening on LVM2 poll daemon socket.
[[0;32m  OK  [0m] Listening on LVM2 poll daemon socket.
[   15.760970] systemd[1]: Listening on Journal Socket.
[[0;32m  OK  [0m] Listening on Journal Socket.
[   15.792910] systemd[1]: Starting Create list of required static device nodes for the current kernel...
         Starting Create list of required st... nodes for the current kernel...
[   15.827033] systemd[1]: Mounting POSIX Message Queue File System...
         Mounting POSIX Message Queue File System...
[   15.847142] systemd[1]: Starting Set console keymap...
         Starting Set console keymap...
[   15.856124] systemd[1]: Starting Uncomplicated firewall...
         Starting Uncomplicated firewall...
[   15.896649] systemd[1]: Mounting Huge Pages File System...
         Mounting Huge Pages File System...
[   15.956686] systemd[1]: Reached target Encrypted Volumes.
[[0;32m  OK  [0m] Reached target Encrypted Volumes.
[   16.005304] systemd[1]: Starting Remount Root and Kernel File Systems...
[   16.021086] EXT4-fs (sda1): re-mounted. Opts: (null)
         Starting Remount Root and Kernel File Systems...
[   16.032905] systemd[1]: Listening on udev Control Socket.
[[0;32m  OK  [0m] Listening on udev Control Socket.
[   16.037087] systemd[1]: Reached target User and Group Name Lookups.
[[0;32m  OK  [0m] Reached target User and Group Name Lookups.
[   16.043956] systemd[1]: Created slice User and Session Slice.
[[0;32m  OK  [0m] Created slice User and Session Slice.
[   16.049739] systemd[1]: Set up automount Arbitrary Executable File Formats File System Automount Point.
[[0;32m  OK  [0m] Set up automount Arbitrary Executab...ats File System Automount Point.
[   16.064961] systemd[1]: Listening on udev Kernel Socket.
[[0;32m  OK  [0m] Listening on udev Kernel Socket.
[   16.088675] systemd[1]: Starting Nameserver information manager...
         Starting Nameserver information manager...
[   16.094548] systemd[1]: Reached target Swap.
[[0;32m  OK  [0m] Reached target Swap.
[   16.098177] systemd[1]: Reached target Slices.
[[0;32m  OK  [0m] Reached target Slices.
[   16.416104] systemd[1]: Listening on LVM2 metadata daemon socket.
[[0;32m  OK  [0m] Listening on LVM2 metadata daemon socket.
[   16.612747] systemd[1]: Starting Monitoring of LVM2 mirrors, snapshots etc. using dmeventd or progress polling...
         Starting Monitoring of LVM2 mirrors... dmeventd or progress polling...
[   16.751448] systemd[1]: Started Trigger resolvconf update for networkd DNS.
[[0;32m  OK  [0m] Started Trigger resolvconf update for networkd DNS.
[   16.880880] systemd[1]: Starting Load Kernel Modules...
         Starting Load Kernel Modules...
[   16.929042] systemd[1]: Started Forward Password Requests to Wall Directory Watch.
[   16.992355] Loading iSCSI transport class v2.0-870.
[[0;32m  OK  [0m] Started Forward Password Requests to Wall Directory Watch.
[   16.996477] systemd[1]: Listening on Journal Socket (/dev/log).
[[0;32m  OK  [0m] Listening on[   17.036561] iscsi: registered transport (tcp)
 Journal Socket (/dev/log).
[   17.064939] systemd[1]: Starting Journal Service...
         Starting Journal Service...
[   17.093733] systemd[1]: Created slice system-serial\x2dgetty.slice.
[[0;32m  OK  [0m] Created slice system-serial\x2dgetty.slice.
[   17.105952] systemd[1]: Mounting Debug File System...
         Mounting Debug File System...
[   17.115505] systemd[1]: Mounted POSIX Message Queue File System.
[[0;32m  OK  [0m] Mounted POSIX Message Queue File System.
[   17.132425] systemd[1]: Mounted Huge Pages File System.
[[0;32m  OK  [0m] Mounted Huge Pages File System.
[   17.144952] systemd[1]: Mounted Debug File System.
[[   17.146878] iscsi: registered transport (iser)
[0;32m  OK  [0m] Mounted Debug File System.
[   17.149694] systemd[1]: Started Create list of required static device nodes for the current kernel.
[[0;32m  OK  [0m] Started Create list of required sta...ce nodes for the current kernel.
[   17.164705] systemd[1]: Started Set console keymap.
[[0;32m  OK  [0m] Started Set console keymap.
[   17.170612] systemd[1]: Started Uncomplicated firewall.
[[0;32m  OK  [0m] Started Uncomplicated firewall.
[   17.201532] systemd[1]: Started Remount Root and Kernel File Systems.
[[0;32m  OK  [0m] Started Remount Root and Kernel File Systems.
[   17.345345] systemd[1]: Started Load Kernel Modules.
[[0;32m  OK  [0m] Started Load Kernel Modules.
[   17.613003] systemd[1]: Started Nameserver information manager.
[[0;32m  OK  [0m] Started Nameserver information manager.
[   17.791699] systemd[1]: Started Journal Service.
[[0;32m  OK  [0m] Started Journal Service.
[[0;32m  OK  [0m] Started LVM2 metadata daemon.
         Starting Apply Kernel Variables...
         Mounting FUSE Control File System...
         Starting Load/Save Random Seed...
         Starting Flush Journal to Persistent Storage...
         Starting udev Coldplug all Devices...
         Starting Initial cloud-init job (pre-networking)...
         Starting Create Static Device Nodes in /dev...
[[0;32m  OK  [0m] Mounted FUSE Control File System.
[   18.055522] systemd-journald[386]: Received request to flush runtime journal from PID 1
[[0;32m  OK  [0m] Started Apply Kernel Variables.
[[0;32m  OK  [0m] Started Load/Save Random Seed.
[[0;32m  OK  [0m] Started Flush Journal to Persistent Storage.
[[0;32m  OK  [0m] Started udev Coldplug all Devices.
[[0;32m  OK  [0m] Started Create Static Device Nodes in /dev.
         Starting udev Kernel Device Manager...
[[0;32m  OK  [0m] Started Monitoring of LVM2 mirrors,...ng dmeventd or progress polling.
[[0;32m  OK  [0m] Started udev Kernel Device Manager.
[[0;32m  OK  [0m] Started Dispatch Password Requests to Console Directory Watch.
[[0;32m  OK  [0m] Reached target Local File Systems (Pre).
[[0;32m  OK  [0m] Reached target Local File Systems.
         Starting Tell Plymouth To Write Out Runtime Data...
         Starting Create Volatile Files and Directories...
         Starting LSB: AppArmor initialization...
         Starting Set console font and keymap...
         Starting Commit a transient machine-id on disk...
[[0;32m  OK  [0m] Found device /dev/ttyS0.
[[0;32m  OK  [0m] Started Commit a transient machine-id on disk.
[[0;32m  OK  [0m] Started Tell Plymouth To Write Out Runtime Data.
[[0;32m  OK  [0m] Started Create Volatile Files and Directories.
[[0;32m  OK  [0m] Reached target System Time Synchronized.
         Starting Update UTMP about System Boot/Shutdown...
[[0;32m  OK  [0m] Started Update UTMP about System Boot/Shutdown.
[[0;32m  OK  [0m] Started Set console font and keymap.
[[0;32m  OK  [0m] Created slice system-getty.slice.
[[0;32m  OK  [0m] Listening on Load/Save RF Kill Switch Status /dev/rfkill Watch.
[[0;32m  OK  [0m] Started LSB: AppArmor initialization.
[   23.809675] cloud-init[428]: Cloud-init v. 17.1 running 'init-local' at Sun, 17 Jun 2018 20:43:01 +0000. Up 23.06 seconds.
[[0;32m  OK  [0m] Started Initial cloud-init job (pre-networking).
[[0;32m  OK  [0m] Reached target Network (Pre).
         Starting Raise network interfaces...
[[0;32m  OK  [0m] Started Raise network interfaces.
[[0;32m  OK  [0m] Reached target Network.
         Starting Initial cloud-init job (metadata service crawler)...
[   27.112802] cloud-init[918]: Cloud-init v. 17.1 running 'init' at Sun, 17 Jun 2018 20:43:03 +0000. Up 24.87 seconds.
[   27.116813] cloud-init[918]: ci-info: +++++++++++++++++++++++++++++++++++++Net device info++++++++++++++++++++++++++++++++++++++
[   27.123226] cloud-init[918]: ci-info: +--------+------+----------------------------+---------------+-------+-------------------+
[   27.127561] cloud-init[918]: ci-info: | Device |  Up  |          Address           |      Mask     | Scope |     Hw-Address    |
[   27.134158] cloud-init[918]: ci-info: +--------+------+----------------------------+---------------+-------+-------------------+
[   27.139360] cloud-init[918]: ci-info: | enp0s3 | True |         10.0.2.15          | 255.255.255.0 |   .   | 02:b9:83:f0:a4:db |
[   27.152701] cloud-init[918]: ci-info: | enp0s3 | True | fe80::b9:83ff:fef0:a4db/64 |       .       |  link | 02:b9:83:f0:a4:db |
[   27.216753] [cloud-init[0;32m  OK  [0m[918]: ] ci-info: |   lo   | True |         127.0.0.1          |   255.0.0.0   |   .   |         .         |Started Initial cloud-init job (metadata service crawler).

[   27.218163] cloud-init[918]: ci-info: |   lo   | True |          ::1/128           |       .       |  host |         .         |
[   27.320431] [cloud-init[0;32m  OK  [0m[918]: ] ci-info: +--------+------+----------------------------+---------------+-------+-------------------+Reached target Cloud-config availability.

[   27.344515] [cloud-init[0;32m  OK  [0m[918]: ] ci-info: +++++++++++++++++++++++++++Route IPv4 info++++++++++++++++++++++++++++Reached target Network is Online.

[   27.364637] cloud-init         Starting iSCSI initiator daemon (iscsid)...
[[0;32m  OK  [0m] Reached target System Initialization.
[[0;32m  OK  [0m] Started Timer to automatically refresh installed snaps.
[[0;32m  OK  [0m] Started Daily apt download activities.
[918]: ci-info: +-------+-------------+----------+---------------+-----------+-------+
[   27.373471] cloud-init[918]: ci-info: | Route | Destination | Gateway  |    Genmask    | Interface | Flags |
[   27.379875] cloud-init[918]: ci-info: +-------+-------------+----------+---------------+-----------+-------+
[[0;32m  OK  [0m] Started ACPI Events Check.
[[0;32m  OK  [0m] Reached target Paths.
[[0;32m  OK  [0m] Listening on ACPID Listen Socket.
[[0;32m  OK  [0m] Started Daily Cleanup of Temporary Directories.
         Starting Socket activation for snappy daemon.
[   27.380556] cloud-init[918]: ci-info: |   0   |   0.0.0.0   | 10.0.2.2 |    0.0.0.0    |   enp0s3  |   UG  |
[   27.396992] cloud-init[918]: ci-info: |   1   |   10.0.2.0  | 0.0.0.0  | 255.255.255.0 |   enp0s3  |   U   |
[   27.399787] cloud-init[918]: ci-info: +-------+-------------+----------+---------------+-----------+-------+
[   27.409366]          cloud-initStarting LXD - unix socket.[918]: 
Generating public/private rsa key pair.
[[0;32m  OK  [0m] Started Daily apt upgrade and clean activities.
[   27.412980] cloud-init[918]: Your identification has been saved in /etc/ssh/ssh_host_rsa_key.
[[0;32m  OK  [0m] Reached target Timers.
[   27.423556] cloud-init[918]: Your public key has been saved in /etc/ssh/ssh_host_rsa_key.pub.
[   27.483654] cloud-init[918]: The key fingerprint is:
[[0;32m  OK  [0m] Listening on UUID daemon activation socket.
[   27.485919] [cloud-init[0;32m  OK  [0m[918]: ] SHA256:BAzts+CPAZYMaCQ+APc5IH9b82CNl2RRZPrBd+QxXLQ root@ubuntu-xenialListening on D-Bus System Message Bus Socket.

[   27.520672] cloud-init[918]: The key's randomart image is:
[   27.525940] cloud-init[918]: +---[RSA 2048]----+
[   27.535447] cloud-init[918]: |O.o .+. +++  .+oo|
[   27.566036] [cloud-init[0;32m  OK  [0m[918]: ] |*= o .o* =   o.o.|Listening on Socket activation for snappy daemon.

[   27.599206] [cloud-init[0;32m  OK  [0m[918]: ] |.=..=.* * o . oE |Listening on LXD - unix socket.

[   27.608291] [cloud-init[0;32m  OK  [0m[918]: ] |  *..=o* . o .   |Started iSCSI initiator daemon (iscsid).

[   27.644140]          cloud-initStarting Login to default iSCSI targets...[918]: 
| . o.. oS .      |
[   27.661693] [cloud-init[0;32m  OK  [0m[918]: ] |    o .          |Reached target Sockets.

[   27.662540] [[0;32m  OK  [0m] Reached target Basic System.
cloud-init[918]: |     +           |
[   27.672385] cloud-init[918]: |    . .          |
[   27.674247] cloud-init[918]: |                 |
[   27.676578] cloud-init[918]: +----[SHA256]-----+
[   27.685139] cloud-init[918]: Generating public/private dsa key pair.
[   27.702125] cloud-init[918]: Your identification has been saved in /etc/ssh/ssh_host_dsa_key.
[   27.733149] cloud-init[918]: Your public key has been saved in /etc/ssh/ssh_host_dsa_key.pub.
[   27.735631] cloud-init[918]: The key fingerprint is:
[   27.738438] cloud-init[918]: SHA256:OvP/A/3sS/EZOpFNAIYmP59b78mS951oCmQsXenN/YE root@ubuntu-xenial
[   27.757704] cloud-init[918]: The key's randomart image is:
[[0;32m  OK  [0m] Started Regular background program processing daemon.
[[0;32m  OK  [0m] Started Unattended Upgrades Shutdown.
[   27.767109] cloud-init[918]: +---[DSA 1024]----+
[   27.831623] cloud-init[918]: |          .o..   |
[   27.835060] cloud-init[918]: |       . o. . .  |
         Starting LXD - container startup/shutdown...
[   27.841591] cloud-init[918]: |        +  o   . |
[[0;32m  OK  [0m] [   27.900929] cloud-initStarted Deferred execution scheduler.
[918]: |        ooo o *  |
[   27.945266] cloud-init[918]: |       .S=oo.E.= |
[   27.946321] cloud-init[918]: |       .+ .o..oo=|
[   27.946435] cloud-init[918]: |      +  . .o=+.o|
[   27.946541] cloud-init[918]: |       +  ...=*o+|
[   27.946669] cloud-init[918]: |        ...o++**+|
[   27.946737] cloud-init[918]: +----[SHA256]-----+
[   27.946823] cloud-init[918]: Generating public/private ecdsa key pair.
[   27.946892] cloud-init[918]: Your identification has been saved in /etc/ssh/ssh_host_ecdsa_key.
[   27.946966] cloud-init[918]: Your public key has been saved in /etc/ssh/ssh_host_ecdsa_key.pub.
[   27.947024] cloud-init[918]: The key fingerprint is:
[   27.947093] cloud-init[918]: SHA256:S+fLIc48fdW9UcwlWHcR21FonLLmTFOF3vHd4+55/qU root@ubuntu-xenial
[   27.947153] cloud-init[918]: The key's randomart image is:
[   27.947220] cloud-init[918]: +---[ECDSA 256]---+
[   27.947288] cloud-init[918]: |             +.OO|
[   27.947343] cloud-init[918]: |            o Oo*|
[   27.947397] cloud-init[918]: |             * *B|
[   27.947468] cloud-init[918]: |            = ..O|
[   27.947524] cloud-init[918]: |        S .= ...+|
[   27.947580] cloud-init[918]: |       . +  o .oo|
[   27.947649] cloud-init[918]: |        o.o  .. +|
[   27.947720] cloud-init[918]: |       +.o.o.  ++|
[   27.947778] cloud-init[918]: |        +.o.  E+=|
[   27.947837] cloud-init[918]: +----[SHA256]-----+
[   27.947921] cloud-init[918]: Generating public/private ed25519 key pair.
[   27.948027] cloud-init[918]: Your identification has been saved in /etc/ssh/ssh_host_ed25519_key.
[   27.948089] cloud-init[918]: Your public key has been saved in /etc/ssh/ssh_host_ed25519_key.pub.
[   27.948145] cloud-init[918]: The key fingerprint is:
[   27.948219] cloud-init[918]: SHA256:u9F8BEErHgB/DGepfL0daGEWFft6pG9tO6khepUCv8U root@ubuntu-xenial
[   27.948309] cloud-init[918]: The key's randomart image is:
[   27.948385] cloud-init[918]: +--[ED25519 256]--+
[   27.948441] cloud-init[918]: |    ..o oo+oo.   |
[[0;32m  OK  [0m] Started FUSE filesystem for LXC.
[   27.948640] cloud-init[918]: |     . *. +o .   |
[   28.196506] cloud-init[918]: |     ...=+oo.    |
[   28.232432] cloud-init[918]: |      oo.++...   |
         Starting /etc/rc.local Compatibility...
[   28.267219] cloud-init[918]: |       .S.ooo.+  |
[   28.289601] cloud-init[918]: |         +.+.E   |
[   28.295760] cloud-init[918]: |        o o.O....|
[   28.296270] cloud-init[918]: |         o.+.oooo|
[   28.296514] cloud-init[918]: |        ...  oooo|
[   28.296773] cloud-init[918]: +----[SHA256]-----+
[[0;32m  OK  [0m] Started D-Bus System Message Bus.
         Starting Apply the settings specified in cloud-config...
         Starting LSB: MD monitoring daemon...
         Starting Pollinate to seed the pseudo random number generator...
         Starting LSB: Record successful boot for GRUB...
         Starting Snappy daemon...
         Starting System Logging Service...
         Starting Login Service...
         Starting Accounts Service...
[[0;32m  OK  [0m] Started ACPI event daemon.
[[0;32m  OK  [0m] Started /etc/rc.local Compatibility.
[[0;32m  OK  [0m] Started Login to default iSCSI targets.
[[0;32m  OK  [0m] Started LSB: Record successful boot for GRUB.
[[0;32m  OK  [0m] Reached target Remote File Systems (Pre).
[[0;32m  OK  [0m] Reached target Remote File Systems.
         Starting LSB: VirtualBox Linux Additions...
         Starting LSB: automatic crash report generation...
         Starting LSB: daemon to balance interrupts for SMP systems...
         Starting Permit User Sessions...
         Starting LSB: Set the CPU Frequency Scaling governor to "ondemand"...
[[0;32m  OK  [0m] Started System Logging Service.
[[0;32m  OK  [0m] Started LSB: MD monitoring daemon.
[[0;32m  OK  [0m] Started Login Service.
[[0;32m  OK  [0m] Started Permit User Sessions.
[[0;32m  OK  [0m] Started LSB: Set the CPU Frequency Scaling governor to "ondemand".
         Starting Hold until boot process finishes up...
         Starting Terminate Plymouth Boot Screen...
[[0;32m  OK  [0m] Started LSB: automatic crash report generation.
[[0;32m  OK  [0m] Started Hold until boot process finishes up.
[[0;32m  OK  [0m] Started Terminate Plymouth Boot Screen.
[[0;32m  OK  [0m] Started Getty on tty1.
[[0;32m  OK  [0m] Started Serial Getty on ttyS0.
[[0;32m  OK  [0m] Reached target Login Prompts.
         Starting Set console scheme...
[[0;32m  OK  [0m] Started Set console scheme.
[[0;32m  OK  [0m] Started LSB: daemon to balance interrupts for SMP systems.
[   30.311481] cloud-init[1042]: Generating locales (this might take a while)...
[[0;32m  OK  [0m] Started LXD - container startup/shutdown.
[[0;32m  OK  [0m] Started LSB: VirtualBox Linux Additions.
         Starting Authenticate and Authorize Users to Run Privileged Tasks...
[[0;32m  OK  [0m] Started Authenticate and Authorize Users to Run Privileged Tasks.
[[0;32m  OK  [0m] Started Accounts Service.
[[0;32m  OK  [0m] Started Snappy daemon.
[   32.290179] cloud-init[1042]:   en_US.UTF-8... done
[   32.304376] cloud-init[1042]: Generation complete.
[[0;32m  OK  [0m] Started Pollinate to seed the pseudo random number generator.
         Starting OpenBSD Secure Shell server...
[[0;32m  OK  [0m] Started OpenBSD Secure Shell server.
[[0;32m  OK  [0m] Reached target Multi-User System.
[[0;32m  OK  [0m] Reached target Graphical Interface.
         Starting Update UTMP about System Runlevel Changes...
[[0;32m  OK  [0m] Started Update UTMP about System Runlevel Changes.
         Stopping OpenBSD Secure Shell server...
[[0;32m  OK  [0m] Stopped OpenBSD Secure Shell server.
         Starting OpenBSD Secure Shell server...
[[0;32m  OK  [0m] Started OpenBSD Secure Shell server.
[[0;32m  OK  [0m] Created slice User Slice of ubuntu.
         Starting User Manager for UID 1000...
[[0;32m  OK  [0m] Started Session 1 of user ubuntu.
[[0;32m  OK  [0m] Started User Manager for UID 1000.
[   34.415601] cloud-init[1042]: Cloud-init v. 17.1 running 'modules:config' at Sun, 17 Jun 2018 20:43:07 +0000. Up 29.24 seconds.
[[0;32m  OK  [0m] Started Apply the settings specified in cloud-config.
         Starting Execute cloud user/final scripts...
ci-info: no authorized ssh keys fingerprints found for user ubuntu.
<14>Jun 17 20:43:13 ec2: 
<14>Jun 17 20:43:13 ec2: #############################################################
<14>Jun 17 20:43:13 ec2: -----BEGIN SSH HOST KEY FINGERPRINTS-----
<14>Jun 17 20:43:13 ec2: 1024 SHA256:OvP/A/3sS/EZOpFNAIYmP59b78mS951oCmQsXenN/YE root@ubuntu-xenial (DSA)
<14>Jun 17 20:43:13 ec2: 256 SHA256:S+fLIc48fdW9UcwlWHcR21FonLLmTFOF3vHd4+55/qU root@ubuntu-xenial (ECDSA)
<14>Jun 17 20:43:13 ec2: 256 SHA256:u9F8BEErHgB/DGepfL0daGEWFft6pG9tO6khepUCv8U root@ubuntu-xenial (ED25519)
<14>Jun 17 20:43:13 ec2: 2048 SHA256:BAzts+CPAZYMaCQ+APc5IH9b82CNl2RRZPrBd+QxXLQ root@ubuntu-xenial (RSA)
<14>Jun 17 20:43:13 ec2: -----END SSH HOST KEY FINGERPRINTS-----
<14>Jun 17 20:43:13 ec2: #############################################################
-----BEGIN SSH HOST KEY KEYS-----
ecdsa-sha2-nistp256 AAAAE2VjZHNhLXNoYTItbmlzdHAyNTYAAAAIbmlzdHAyNTYAAABBBBnNzuBx6vADg6XW7otusGnH8kQwJXCOS+Kt7i1YZEZaIpIFoOG4+uH6WuCYYqguajaNZcH5ZjByxfXX1+IMzwQ= root@ubuntu-xenial
ssh-ed25519 AAAAC3NzaC1lZDI1NTE5AAAAIF873hP+DWsKwVoxgf+MIrgxDS/dAa7GREdi8/7aRxpK root@ubuntu-xenial
ssh-rsa AAAAB3NzaC1yc2EAAAADAQABAAABAQDtV9bruCGPraAWcqMSaBEQSRfXjzclhtWukfWaMKGMYM/N01Nn/u1LtzqzOTRzx5a91MuNHaB2HYYfIZNgl+lY829XR1LZPVYoYCjMwgA3bKYxj//EYJeiV9CMj5mBkBwvTg7cPcz6SN3GPetuZXF98ObF5zZdy4D2hDDHPTYjy0b2X1FsuWeZnwbfp0ygYgXpQFXtkArQBKvTOi22g0LncSk1o4DllYi6GxmQXh+sSRrmMITtQg53S+7pBscFbIbib615g6vbdcMS2gUF2UE03FiC3rts6hAZUyUdvIWkgusqnQj7GlmLijroWFn7dFHUaVnHMSMZ/jLphV8jV/s9 root@ubuntu-xenial
-----END SSH HOST KEY KEYS-----
[   35.257663] cloud-init[1342]: Cloud-init v. 17.1 running 'modules:final' at Sun, 17 Jun 2018 20:43:13 +0000. Up 34.89 seconds.
[   35.258091] cloud-init[1342]: ci-info: no authorized ssh keys fingerprints found for user ubuntu.
[   35.258388] cloud-init[1342]: Cloud-init v. 17.1 finished at Sun, 17 Jun 2018 20:43:13 +0000. Datasource DataSourceNoCloud [seed=/dev/sdb][dsmode=net].  Up 35.24 seconds

Ubuntu 16.04.3 LTS ubuntu-xenial ttyS0

ubuntu-xenial login: 